#
# A fatal error has been detected by the Java Runtime Environment:
#
#  SIGSEGV (0xb) at pc=0x00007f82c002163c, pid=18451, tid=140198782777088
#
# JRE version: 6.0_18-b07
# Java VM: Java HotSpot(TM) 64-Bit Server VM (16.0-b13 mixed mode linux-amd64 )
# Problematic frame:
# V  [libjvm.so+0x62263c]
#
# If you would like to submit a bug report, please visit:
#   http://java.sun.com/webapps/bugreport/crash.jsp
#

---------------  T H R E A D  ---------------

Current thread (0x00007f82b801c800):  GCTaskThread [stack: 0x00007f8292953000,0x00007f8292a54000] [id=18454]

siginfo:si_signo=SIGSEGV: si_errno=0, si_code=1 (SEGV_MAPERR), si_addr=0x0000000000000018

Registers:
RAX=0x0000000000000001, RBX=0x00007f82ade79440, RCX=0x0000000000000001, RDX=0x0000000000000000
RSP=0x00007f8292a52b30, RBP=0x00007f8292a52ba0, RSI=0x00007f82c0310530, RDI=0x0000000000000010
R8 =0x0000000000000001, R9 =0x0000000000000010, R10=0x00007f82ade79440, R11=0x00007f829243b680
R12=0x00007f825009f0c0, R13=0x0000000000000000, R14=0x00007f82adc1e5b8, R15=0x00007f82b8061c50
RIP=0x00007f82c002163c, EFL=0x0000000000010246, CSGSFS=0x0000000000000033, ERR=0x0000000000000004
  TRAPNO=0x000000000000000e

Top of Stack: (sp=0x00007f8292a52b30)
0x00007f8292a52b30:   00012aae0001177a 00007f82b8061c58
0x00007f8292a52b40:   0000000000000005 01007f82add99118
0x00007f8292a52b50:   00007f8292a52b80 0000000000000009
0x00007f8292a52b60:   000146fd000104be 0000000000000032
0x00007f8292a52b70:   0000000000000000 00007f82ade79440
0x00007f8292a52b80:   00007f82b8061d00 0000000000000000
0x00007f8292a52b90:   0000000000000001 00007f8292a52c2c
0x00007f8292a52ba0:   00007f8292a52bc0 00007f82c00220b0
0x00007f8292a52bb0:   0000000000000001 00007f82b8061c50
0x00007f8292a52bc0:   00007f8292a52c00 00007f82c0021202
0x00007f8292a52bd0:   00007f82c0326680 00007f82ade79440
0x00007f8292a52be0:   00007f82b8061c50 0000000000000001
0x00007f8292a52bf0:   00007f826429d250 00007f82c0326680
0x00007f8292a52c00:   00007f8292a52c60 00007f82c0024665
0x00007f8292a52c10:   00007f8292a52c20 00007f8292a52c30
0x00007f8292a52c20:   00007f8292a52c60 10cb88e0bfd63b67
0x00007f8292a52c30:   00007f82ad6ce562 00007f82c0310b4c
0x00007f8292a52c40:   00007f826429d250 00007f82b801c800
0x00007f8292a52c50:   00007f82c016ee46 0000000000000000
0x00007f8292a52c60:   00007f8292a52d60 00007f82bfd64dda
0x00007f8292a52c70:   00007f8292a52cb0 00007f8292a52c88
0x00007f8292a52c80:   00007f82c032a160 0000000000000000
0x00007f8292a52c90:   00007f82b801d0d0 00007f82b801d100
0x00007f8292a52ca0:   00007f82b801d110 00007f82b801d4e8
0x00007f8292a52cb0:   00007f82b801c800 00007f82b801d4f0
0x00007f8292a52cc0:   00007f82b801d520 00007f82b801d530
0x00007f8292a52cd0:   00007f82b801d908 00007f8292a52d00
0x00007f8292a52ce0:   00007f82b801d0d0 00007f82b801d100
0x00007f8292a52cf0:   00007f82b801d110 00007f82b801d4e8
0x00007f8292a52d00:   00007f82b801c800 00007f82b801d4f0
0x00007f8292a52d10:   00007f82b801d520 00007f82b801d530
0x00007f8292a52d20:   00007f82b801d908 00007f82b801d910 

Instructions: (pc=0x00007f82c002163c)
0x00007f82c002162c:   8b 56 08 8b 4b 08 48 d3 e2 48 03 13 48 8d 7a 10
0x00007f82c002163c:   8b 5f 08 89 d8 c1 f8 03 85 db 0f 8e cc 05 00 00 

Stack: [0x00007f8292953000,0x00007f8292a54000],  sp=0x00007f8292a52b30,  free space=3fe0000000000000018k
Native frames: (J=compiled Java code, j=interpreted, Vv=VM code, C=native code)
V  [libjvm.so+0x62263c]
V  [libjvm.so+0x6230b0]
V  [libjvm.so+0x622202]
V  [libjvm.so+0x625665]
V  [libjvm.so+0x365dda]
V  [libjvm.so+0x5da2af]


---------------  P R O C E S S  ---------------

Java Threads: ( => current thread )
  0x00007f821c0f9000 JavaThread "Timer-26" [_thread_blocked, id=20374, stack(0x00007f820e5f2000,0x00007f820e6f3000)]
  0x00007f821c0f3000 JavaThread "Timer-25" [_thread_blocked, id=19807, stack(0x00007f820e7f4000,0x00007f820e8f5000)]
  0x00007f82448d6800 JavaThread "AWT-EventQueue-0" [_thread_blocked, id=20700, stack(0x00007f826c822000,0x00007f826c923000)]
  0x00007f82441f4000 JavaThread "GLDrawableContainer purge thread" daemon [_thread_blocked, id=19582, stack(0x00007f826d534000,0x00007f826d635000)]
  0x00007f821c012800 JavaThread "WMI:MapleClientSocket:Kernel Connection " daemon [_thread_blocked, id=19578, stack(0x00007f826db69000,0x00007f826dc6a000)]
  0x00007f821c011000 JavaThread "process reaper" daemon [_thread_in_native, id=19575, stack(0x00007f826d130000,0x00007f826d231000)]
  0x00007f8244303000 JavaThread "Timer-6" daemon [_thread_blocked, id=19573, stack(0x00007f826d332000,0x00007f826d433000)]
  0x00007f821c00e800 JavaThread "Timer-5" [_thread_blocked, id=19572, stack(0x00007f826d635000,0x00007f826d736000)]
  0x00007f821c00d800 JavaThread "WMI:MapleClientSocket:Kernel Connection " daemon [_thread_blocked, id=19552, stack(0x00007f8291154000,0x00007f8291255000)]
  0x00007f821c00c000 JavaThread "process reaper" daemon [_thread_in_native, id=19549, stack(0x00007f826d736000,0x00007f826d837000)]
  0x00007f82441d1800 JavaThread "Quick Help popup thread" daemon [_thread_blocked, id=19547, stack(0x00007f826d433000,0x00007f826d534000)]
  0x00007f82441c3800 JavaThread "Timer-4" daemon [_thread_blocked, id=19546, stack(0x00007f8290119000,0x00007f829021a000)]
  0x00007f8230066800 JavaThread "Timer-3" [_thread_blocked, id=19545, stack(0x00007f826df6d000,0x00007f826e06e000)]
  0x00007f82b8008000 JavaThread "DestroyJavaVM" [_thread_blocked, id=18452, stack(0x00007f82bf8fe000,0x00007f82bf9ff000)]
  0x00007f821c002800 JavaThread "WMI:MapleClientSocket:Kernel Connection " daemon [_thread_blocked, id=18486, stack(0x00007f826d967000,0x00007f826da68000)]
  0x00007f821c001800 JavaThread "process reaper" daemon [_thread_in_native, id=18483, stack(0x00007f826da68000,0x00007f826db69000)]
  0x00007f82441ae800 JavaThread "palette position change updater" daemon [_thread_blocked, id=18481, stack(0x00007f826dc6a000,0x00007f826dd6b000)]
  0x00007f824418f800 JavaThread "auto command complete monitor" daemon [_thread_blocked, id=18480, stack(0x00007f826dd6b000,0x00007f826de6c000)]
  0x00007f824408c000 JavaThread "TimerQueue" daemon [_thread_blocked, id=18479, stack(0x00007f826de6c000,0x00007f826df6d000)]
  0x00007f824403d800 JavaThread "Timer-2" daemon [_thread_blocked, id=18477, stack(0x00007f8290018000,0x00007f8290119000)]
  0x00007f8234001000 JavaThread "Timer-1" [_thread_blocked, id=18476, stack(0x00007f826e06e000,0x00007f826e16f000)]
  0x00007f82440df800 JavaThread "Timer-0" [_thread_blocked, id=18473, stack(0x00007f829021a000,0x00007f829031b000)]
  0x00007f8250143800 JavaThread "WMI:Background Task Runner" [_thread_blocked, id=18472, stack(0x00007f8290479000,0x00007f829057a000)]
  0x00007f8250027800 JavaThread "AWT-Shutdown" [_thread_blocked, id=18470, stack(0x00007f829075d000,0x00007f829085e000)]
  0x00007f82500d2800 JavaThread "AWT-XAWT" daemon [_thread_blocked, id=18469, stack(0x00007f8290990000,0x00007f8290a91000)]
  0x00007f825007d800 JavaThread "Java2D Disposer" daemon [_thread_blocked, id=18468, stack(0x00007f8290a91000,0x00007f8290b92000)]
  0x00007f82b83a9000 JavaThread "AppMgr Thread" [_thread_in_native, id=18466, stack(0x00007f8291053000,0x00007f8291154000)]
  0x00007f82b8090800 JavaThread "Low Memory Detector" daemon [_thread_blocked, id=18463, stack(0x00007f82919af000,0x00007f8291ab0000)]
  0x00007f82b808e800 JavaThread "CompilerThread1" daemon [_thread_blocked, id=18462, stack(0x00007f8291ab0000,0x00007f8291bb1000)]
  0x00007f82b808b800 JavaThread "CompilerThread0" daemon [_thread_blocked, id=18461, stack(0x00007f8291bb1000,0x00007f8291cb2000)]
  0x00007f82b8089800 JavaThread "Signal Dispatcher" daemon [_thread_blocked, id=18460, stack(0x00007f8291cb2000,0x00007f8291db3000)]
  0x00007f82b806a000 JavaThread "Finalizer" daemon [_thread_blocked, id=18459, stack(0x00007f8291db3000,0x00007f8291eb4000)]
  0x00007f82b8068000 JavaThread "Reference Handler" daemon [_thread_blocked, id=18458, stack(0x00007f8291eb4000,0x00007f8291fb5000)]

Other Threads:
  0x00007f82b8063800 VMThread [stack: 0x00007f8291fb5000,0x00007f82920b6000] [id=18457]
  0x00007f82b8093000 WatcherThread [stack: 0x00007f82918ae000,0x00007f82919af000] [id=18464]

=>0x00007f82b801c800 (exited) GCTaskThread [stack: 0x00007f8292953000,0x00007f8292a54000] [id=18454]

VM state:at safepoint (normal execution)

VM Mutex/Monitor currently owned by a thread:  ([mutex/lock_event])
[0x00007f82b8005ae0] Threads_lock - owner thread: 0x00007f82b8063800
[0x00007f82b8005fe0] Heap_lock - owner thread: 0x00007f82448d6800

Heap
 PSYoungGen      total 8256K, used 7840K [0x00007f82ad560000, 0x00007f82adec0000, 0x00007f82b8000000)
  eden space 6912K, 100% used [0x00007f82ad560000,0x00007f82adc20000,0x00007f82adc20000)
  from space 1344K, 69% used [0x00007f82adc20000,0x00007f82add08000,0x00007f82add70000)
  to   space 1344K, 80% used [0x00007f82add70000,0x00007f82ade80000,0x00007f82adec0000)
 PSOldGen        total 108800K, used 72049K [0x00007f8298000000, 0x00007f829ea40000, 0x00007f82ad560000)
  object space 108800K, 66% used [0x00007f8298000000,0x00007f829c65c698,0x00007f829ea40000)
 PSPermGen       total 77888K, used 50311K [0x00007f8292c00000, 0x00007f8297810000, 0x00007f8298000000)
  object space 77888K, 64% used [0x00007f8292c00000,0x00007f8295d21ea8,0x00007f8297810000)

Dynamic libraries:
40000000-40009000 r-xp 00000000 09:02 16260556                           /opt/maple16/jre.X86_64_LINUX/bin/java
40108000-4010a000 rwxp 00008000 09:02 16260556                           /opt/maple16/jre.X86_64_LINUX/bin/java
40968000-40989000 rwxp 00000000 00:00 0                                  [heap]
41194000-41231000 rwxp 00000000 00:00 0 
41a88000-41a8a000 r-xs 00000000 09:02 12452178                           /tmp/glfCZhiI (deleted)
3198c00000-3198c03000 r-xp 00000000 09:02 8397776                        /usr/lib64/tls/libnvidia-tls.so.310.40
3198c03000-3198e02000 ---p 00003000 09:02 8397776                        /usr/lib64/tls/libnvidia-tls.so.310.40
3198e02000-3198e03000 rwxp 00002000 09:02 8397776                        /usr/lib64/tls/libnvidia-tls.so.310.40
3199000000-31990ce000 r-xp 00000000 09:02 8398572                        /usr/lib64/libGL.so.310.40
31990ce000-31992ce000 ---p 000ce000 09:02 8398572                        /usr/lib64/libGL.so.310.40
31992ce000-319930d000 rwxp 000ce000 09:02 8398572                        /usr/lib64/libGL.so.310.40
319930d000-3199323000 rwxp 00000000 00:00 0 
3199c00000-319b60c000 r-xp 00000000 09:02 8398560                        /usr/lib64/libnvidia-glcore.so.310.40
319b60c000-319b80c000 ---p 01a0c000 09:02 8398560                        /usr/lib64/libnvidia-glcore.so.310.40
319b80c000-319c0d9000 rwxp 01a0c000 09:02 8398560                        /usr/lib64/libnvidia-glcore.so.310.40
319c0d9000-319c0f2000 rwxp 00000000 00:00 0 
3983000000-3983020000 r-xp 00000000 09:02 30801929                       /lib64/ld-2.12.so
398321f000-3983220000 r-xp 0001f000 09:02 30801929                       /lib64/ld-2.12.so
3983220000-3983221000 rwxp 00020000 09:02 30801929                       /lib64/ld-2.12.so
3983221000-3983222000 rwxp 00000000 00:00 0 
3983400000-398358a000 r-xp 00000000 09:02 30801930                       /lib64/libc-2.12.so
398358a000-3983789000 ---p 0018a000 09:02 30801930                       /lib64/libc-2.12.so
3983789000-398378d000 r-xp 00189000 09:02 30801930                       /lib64/libc-2.12.so
398378d000-398378e000 rwxp 0018d000 09:02 30801930                       /lib64/libc-2.12.so
398378e000-3983793000 rwxp 00000000 00:00 0 
3983800000-3983883000 r-xp 00000000 09:02 30801961                       /lib64/libm-2.12.so
3983883000-3983a82000 ---p 00083000 09:02 30801961                       /lib64/libm-2.12.so
3983a82000-3983a83000 r-xp 00082000 09:02 30801961                       /lib64/libm-2.12.so
3983a83000-3983a84000 rwxp 00083000 09:02 30801961                       /lib64/libm-2.12.so
3983c00000-3983c02000 r-xp 00000000 09:02 30802026                       /lib64/libdl-2.12.so
3983c02000-3983e02000 ---p 00002000 09:02 30802026                       /lib64/libdl-2.12.so
3983e02000-3983e03000 r-xp 00002000 09:02 30802026                       /lib64/libdl-2.12.so
3983e03000-3983e04000 rwxp 00003000 09:02 30802026                       /lib64/libdl-2.12.so
3984000000-3984017000 r-xp 00000000 09:02 30802004                       /lib64/libpthread-2.12.so
3984017000-3984217000 ---p 00017000 09:02 30802004                       /lib64/libpthread-2.12.so
3984217000-3984218000 r-xp 00017000 09:02 30802004                       /lib64/libpthread-2.12.so
3984218000-3984219000 rwxp 00018000 09:02 30802004                       /lib64/libpthread-2.12.so
3984219000-398421d000 rwxp 00000000 00:00 0 
3984800000-3984807000 r-xp 00000000 09:02 30802071                       /lib64/librt-2.12.so
3984807000-3984a06000 ---p 00007000 09:02 30802071                       /lib64/librt-2.12.so
3984a06000-3984a07000 r-xp 00006000 09:02 30802071                       /lib64/librt-2.12.so
3984a07000-3984a08000 rwxp 00007000 09:02 30802071                       /lib64/librt-2.12.so
3985c00000-3985d37000 r-xp 00000000 09:02 8393206                        /usr/lib64/libX11.so.6.3.0
3985d37000-3985f37000 ---p 00137000 09:02 8393206                        /usr/lib64/libX11.so.6.3.0
3985f37000-3985f3d000 rwxp 00137000 09:02 8393206                        /usr/lib64/libX11.so.6.3.0
3986000000-398601d000 r-xp 00000000 09:02 8393193                        /usr/lib64/libxcb.so.1.1.0
398601d000-398621d000 ---p 0001d000 09:02 8393193                        /usr/lib64/libxcb.so.1.1.0
398621d000-398621e000 rwxp 0001d000 09:02 8393193                        /usr/lib64/libxcb.so.1.1.0
3986400000-3986402000 r-xp 00000000 09:02 8391854                        /usr/lib64/libXau.so.6.0.0
3986402000-3986602000 ---p 00002000 09:02 8391854                        /usr/lib64/libXau.so.6.0.0
3986602000-3986603000 rwxp 00002000 09:02 8391854                        /usr/lib64/libXau.so.6.0.0
3986c00000-3986c12000 r-xp 00000000 09:02 8393323                        /usr/lib64/libXext.so.6.4.0
3986c12000-3986e12000 ---p 00012000 09:02 8393323                        /usr/lib64/libXext.so.6.4.0
3986e12000-3986e13000 rwxp 00012000 09:02 8393323                        /usr/lib64/libXext.so.6.4.0
3988000000-3988009000 r-xp 00000000 09:02 8394076                        /usr/lib64/libXrender.so.1.3.0
3988009000-3988209000 ---p 00009000 09:02 8394076                        /usr/lib64/libXrender.so.1.3.0
3988209000-398820a000 rwxp 00009000 09:02 8394076                        /usr/lib64/libXrender.so.1.3.0
3988800000-398880e000 r-xp 00000000 09:02 8393918                        /usr/lib64/libXi.so.6.1.0
398880e000-3988a0e000 ---p 0000e000 09:02 8393918                        /usr/lib64/libXi.so.6.1.0
3988a0e000-3988a0f000 rwxp 0000e000 09:02 8393918                        /usr/lib64/libXi.so.6.1.0
3988c00000-3988c05000 r-xp 00000000 09:02 8394317                        /usr/lib64/libXfixes.so.3.1.0
3988c05000-3988e05000 ---p 00005000 09:02 8394317                        /usr/lib64/libXfixes.so.3.1.0
3988e05000-3988e06000 rwxp 00005000 09:02 8394317                        /usr/lib64/libXfixes.so.3.1.0
3989400000-398940a000 r-xp 00000000 09:02 8394312                        /usr/lib64/libXrandr.so.2.2.0
398940a000-3989609000 ---p 0000a000 09:02 8394312                        /usr/lib64/libXrandr.so.2.2.0
3989609000-398960a000 rwxp 00009000 09:02 8394312                        /usr/lib64/libXrandr.so.2.2.0
3989800000-3989809000 r-xp 00000000 09:02 8394320                        /usr/lib64/libXcursor.so.1.0.2
3989809000-3989a09000 ---p 00009000 09:02 8394320                        /usr/lib64/libXcursor.so.1.0.2
3989a09000-3989a0a000 rwxp 00009000 09:02 8394320                        /usr/lib64/libXcursor.so.1.0.2
3989c00000-3989c05000 r-xp 00000000 09:02 8409251                        /usr/lib64/libXxf86vm.so.1.0.0
3989c05000-3989e04000 ---p 00005000 09:02 8409251                        /usr/lib64/libXxf86vm.so.1.0.0
3989e04000-3989e05000 rwxp 00004000 09:02 8409251                        /usr/lib64/libXxf86vm.so.1.0.0
3991800000-3991805000 r-xp 00000000 09:02 8399304                        /usr/lib64/libXtst.so.6.1.0
3991805000-3991a05000 ---p 00005000 09:02 8399304                        /usr/lib64/libXtst.so.6.1.0
3991a05000-3991a06000 rwxp 00005000 09:02 8399304                        /usr/lib64/libXtst.so.6.1.0
3994200000-3994216000 r-xp 00000000 09:02 30802097                       /lib64/libnsl-2.12.so
3994216000-3994415000 ---p 00016000 09:02 30802097                       /lib64/libnsl-2.12.so
3994415000-3994416000 r-xp 00015000 09:02 30802097                       /lib64/libnsl-2.12.so
3994416000-3994417000 rwxp 00016000 09:02 30802097                       /lib64/libnsl-2.12.so
3994417000-3994419000 rwxp 00000000 00:00 0 
7f820e5f2000-7f820e5f5000 ---p 00000000 00:00 0 
7f820e5f5000-7f820e6f3000 rwxp 00000000 00:00 0 
7f820e6f3000-7f820e6f6000 ---p 00000000 00:00 0 
7f820e6f6000-7f820e7f4000 rwxp 00000000 00:00 0 
7f820e7f4000-7f820e7f7000 ---p 00000000 00:00 0 
7f820e7f7000-7f820e8f5000 rwxp 00000000 00:00 0 
7f820e8f5000-7f820e8f8000 ---p 00000000 00:00 0 
7f820e8f8000-7f820e9f6000 rwxp 00000000 00:00 0 
7f820e9f6000-7f820e9f9000 ---p 00000000 00:00 0 
7f820e9f9000-7f820eaf7000 rwxp 00000000 00:00 0 
7f820eaf7000-7f820eafa000 ---p 00000000 00:00 0 
7f820eafa000-7f820ebf8000 rwxp 00000000 00:00 0 
7f820ebf8000-7f820ebfb000 ---p 00000000 00:00 0 
7f820ebfb000-7f820ecf9000 rwxp 00000000 00:00 0 
7f820ecf9000-7f820ecfc000 ---p 00000000 00:00 0 
7f820ecfc000-7f820edfa000 rwxp 00000000 00:00 0 
7f820edfa000-7f820edfd000 ---p 00000000 00:00 0 
7f820edfd000-7f820eefb000 rwxp 00000000 00:00 0 
7f820eefb000-7f820eefe000 ---p 00000000 00:00 0 
7f820eefe000-7f820effc000 rwxp 00000000 00:00 0 
7f820effc000-7f820efff000 ---p 00000000 00:00 0 
7f820efff000-7f820f0fd000 rwxp 00000000 00:00 0 
7f820f0fd000-7f820f100000 ---p 00000000 00:00 0 
7f820f100000-7f820f1fe000 rwxp 00000000 00:00 0 
7f820f1fe000-7f820f201000 ---p 00000000 00:00 0 
7f820f201000-7f820f2ff000 rwxp 00000000 00:00 0 
7f820f2ff000-7f820f302000 ---p 00000000 00:00 0 
7f820f302000-7f820f400000 rwxp 00000000 00:00 0 
7f820f400000-7f820f800000 rwxs 11dfe9000 00:05 14383                     /dev/nvidia0
7f820f800000-7f820fc00000 rwxs 154f84000 00:05 14383                     /dev/nvidia0
7f820fc00000-7f8210000000 rwxs 15251d000 00:05 14383                     /dev/nvidia0
7f8210000000-7f8210021000 rwxp 00000000 00:00 0 
7f8210021000-7f8214000000 ---p 00000000 00:00 0 
7f8214000000-7f8214049000 rwxp 00000000 00:00 0 
7f8214049000-7f8218000000 ---p 00000000 00:00 0 
7f8218000000-7f8218021000 rwxp 00000000 00:00 0 
7f8218021000-7f821c000000 ---p 00000000 00:00 0 
7f821c000000-7f821c128000 rwxp 00000000 00:00 0 
7f821c128000-7f8220000000 ---p 00000000 00:00 0 
7f8220000000-7f8220021000 rwxp 00000000 00:00 0 
7f8220021000-7f8224000000 ---p 00000000 00:00 0 
7f8224000000-7f8224021000 rwxp 00000000 00:00 0 
7f8224021000-7f8228000000 ---p 00000000 00:00 0 
7f8228000000-7f8228025000 rwxp 00000000 00:00 0 
7f8228025000-7f822c000000 ---p 00000000 00:00 0 
7f822c000000-7f822c021000 rwxp 00000000 00:00 0 
7f822c021000-7f8230000000 ---p 00000000 00:00 0 
7f8230000000-7f823006f000 rwxp 00000000 00:00 0 
7f823006f000-7f8234000000 ---p 00000000 00:00 0 
7f8234000000-7f8234021000 rwxp 00000000 00:00 0 
7f8234021000-7f8238000000 ---p 00000000 00:00 0 
7f8238000000-7f8238091000 rwxp 00000000 00:00 0 
7f8238091000-7f823c000000 ---p 00000000 00:00 0 
7f823c000000-7f823c021000 rwxp 00000000 00:00 0 
7f823c021000-7f8240000000 ---p 00000000 00:00 0 
7f8240000000-7f8240021000 rwxp 00000000 00:00 0 
7f8240021000-7f8244000000 ---p 00000000 00:00 0 
7f8244000000-7f8244933000 rwxp 00000000 00:00 0 
7f8244933000-7f8248000000 ---p 00000000 00:00 0 
7f8248000000-7f8248021000 rwxp 00000000 00:00 0 
7f8248021000-7f824c000000 ---p 00000000 00:00 0 
7f824c000000-7f824c021000 rwxp 00000000 00:00 0 
7f824c021000-7f8250000000 ---p 00000000 00:00 0 
7f8250000000-7f825023d000 rwxp 00000000 00:00 0 
7f825023d000-7f8254000000 ---p 00000000 00:00 0 
7f8254000000-7f8254021000 rwxp 00000000 00:00 0 
7f8254021000-7f8258000000 ---p 00000000 00:00 0 
7f8258000000-7f8258021000 rwxp 00000000 00:00 0 
7f8258021000-7f825c000000 ---p 00000000 00:00 0 
7f825c000000-7f825c021000 rwxp 00000000 00:00 0 
7f825c021000-7f8260000000 ---p 00000000 00:00 0 
7f8260000000-7f8262e29000 rwxp 00000000 00:00 0 
7f8262e29000-7f8264000000 ---p 00000000 00:00 0 
7f8264000000-7f82668ae000 rwxp 00000000 00:00 0 
7f82668ae000-7f8268000000 ---p 00000000 00:00 0 
7f8268000000-7f8268021000 rwxp 00000000 00:00 0 
7f8268021000-7f826c000000 ---p 00000000 00:00 0 
7f826c0ed000-7f826c0f0000 ---p 00000000 00:00 0 
7f826c0f0000-7f826c1ee000 rwxp 00000000 00:00 0 
7f826c22d000-7f826c230000 ---p 00000000 00:00 0 
7f826c230000-7f826c32e000 rwxp 00000000 00:00 0 
7f826c32e000-7f826c330000 r-xp 00000000 09:02 16260663                   /opt/maple16/bin.X86_64_LINUX/libjogl_awt.so
7f826c330000-7f826c42f000 ---p 00002000 09:02 16260663                   /opt/maple16/bin.X86_64_LINUX/libjogl_awt.so
7f826c42f000-7f826c430000 rwxp 00001000 09:02 16260663                   /opt/maple16/bin.X86_64_LINUX/libjogl_awt.so
7f826c430000-7f826c431000 r-xp 00000000 09:02 16260371                   /opt/maple16/jre.X86_64_LINUX/lib/amd64/libjawt.so
7f826c431000-7f826c530000 ---p 00001000 09:02 16260371                   /opt/maple16/jre.X86_64_LINUX/lib/amd64/libjawt.so
7f826c530000-7f826c531000 rwxp 00000000 09:02 16260371                   /opt/maple16/jre.X86_64_LINUX/lib/amd64/libjawt.so
7f826c531000-7f826c620000 r-xp 00000000 09:02 16260660                   /opt/maple16/bin.X86_64_LINUX/libjogl.so
7f826c620000-7f826c720000 ---p 000ef000 09:02 16260660                   /opt/maple16/bin.X86_64_LINUX/libjogl.so
7f826c720000-7f826c721000 rwxp 000ef000 09:02 16260660                   /opt/maple16/bin.X86_64_LINUX/libjogl.so
7f826c721000-7f826c722000 r-xp 00000000 09:02 16260665                   /opt/maple16/bin.X86_64_LINUX/libgluegen-rt.so
7f826c722000-7f826c821000 ---p 00001000 09:02 16260665                   /opt/maple16/bin.X86_64_LINUX/libgluegen-rt.so
7f826c821000-7f826c822000 rwxp 00000000 09:02 16260665                   /opt/maple16/bin.X86_64_LINUX/libgluegen-rt.so
7f826c822000-7f826c825000 ---p 00000000 00:00 0 
7f826c825000-7f826c923000 rwxp 00000000 00:00 0 
7f826c923000-7f826d0af000 rwxs 00000000 00:04 3702790                    /SYSV00000000 (deleted)
7f826d130000-7f826d133000 ---p 00000000 00:00 0 
7f826d133000-7f826d231000 rwxp 00000000 00:00 0 
7f826d231000-7f826d234000 ---p 00000000 00:00 0 
7f826d234000-7f826d332000 rwxp 00000000 00:00 0 
7f826d332000-7f826d335000 ---p 00000000 00:00 0 
7f826d335000-7f826d433000 rwxp 00000000 00:00 0 
7f826d433000-7f826d436000 ---p 00000000 00:00 0 
7f826d436000-7f826d534000 rwxp 00000000 00:00 0 
7f826d534000-7f826d537000 ---p 00000000 00:00 0 
7f826d537000-7f826d635000 rwxp 00000000 00:00 0 
7f826d635000-7f826d638000 ---p 00000000 00:00 0 
7f826d638000-7f826d736000 rwxp 00000000 00:00 0 
7f826d736000-7f826d739000 ---p 00000000 00:00 0 
7f826d739000-7f826d837000 rwxp 00000000 00:00 0 
7f826d837000-7f826d84d000 r-xp 00000000 09:02 16260392                   /opt/maple16/jre.X86_64_LINUX/lib/amd64/libdcpr.so
7f826d84d000-7f826d94f000 ---p 00016000 09:02 16260392                   /opt/maple16/jre.X86_64_LINUX/lib/amd64/libdcpr.so
7f826d94f000-7f826d967000 rwxp 00018000 09:02 16260392                   /opt/maple16/jre.X86_64_LINUX/lib/amd64/libdcpr.so
7f826d967000-7f826d96a000 ---p 00000000 00:00 0 
7f826d96a000-7f826da68000 rwxp 00000000 00:00 0 
7f826da68000-7f826da6b000 ---p 00000000 00:00 0 
7f826da6b000-7f826db69000 rwxp 00000000 00:00 0 
7f826db69000-7f826db6c000 ---p 00000000 00:00 0 
7f826db6c000-7f826dc6a000 rwxp 00000000 00:00 0 
7f826dc6a000-7f826dc6d000 ---p 00000000 00:00 0 
7f826dc6d000-7f826dd6b000 rwxp 00000000 00:00 0 
7f826dd6b000-7f826dd6e000 ---p 00000000 00:00 0 
7f826dd6e000-7f826de6c000 rwxp 00000000 00:00 0 
7f826de6c000-7f826de6f000 ---p 00000000 00:00 0 
7f826de6f000-7f826df6d000 rwxp 00000000 00:00 0 
7f826df6d000-7f826df70000 ---p 00000000 00:00 0 
7f826df70000-7f826e06e000 rwxp 00000000 00:00 0 
7f826e06e000-7f826e071000 ---p 00000000 00:00 0 
7f826e071000-7f826e16f000 rwxp 00000000 00:00 0 
7f826e16f000-7f8274000000 r-xp 00000000 09:02 8393192                    /usr/lib/locale/locale-archive
7f8274000000-7f8274021000 rwxp 00000000 00:00 0 
7f8274021000-7f8278000000 ---p 00000000 00:00 0 
7f8278000000-7f8278021000 rwxp 00000000 00:00 0 
7f8278021000-7f827c000000 ---p 00000000 00:00 0 
7f827c000000-7f827c039000 rwxp 00000000 00:00 0 
7f827c039000-7f8280000000 ---p 00000000 00:00 0 
7f8280000000-7f82801cb000 rwxp 00000000 00:00 0 
7f82801cb000-7f8284000000 ---p 00000000 00:00 0 
7f8284000000-7f828403f000 rwxp 00000000 00:00 0 
7f828403f000-7f8288000000 ---p 00000000 00:00 0 
7f8288000000-7f8288045000 rwxp 00000000 00:00 0 
7f8288045000-7f828c000000 ---p 00000000 00:00 0 
7f828c000000-7f828c03b000 rwxp 00000000 00:00 0 
7f828c03b000-7f8290000000 ---p 00000000 00:00 0 
7f8290011000-7f8290018000 r-xs 00111000 09:02 16260273                   /opt/maple16/jre.X86_64_LINUX/lib/resources.jar
7f8290018000-7f829001b000 ---p 00000000 00:00 0 
7f829001b000-7f8290119000 rwxp 00000000 00:00 0 
7f8290119000-7f829011c000 ---p 00000000 00:00 0 
7f829011c000-7f829021a000 rwxp 00000000 00:00 0 
7f829021a000-7f829021d000 ---p 00000000 00:00 0 
7f829021d000-7f829031b000 rwxp 00000000 00:00 0 
7f829031b000-7f829031f000 r-xs 00000000 09:02 15468222                   /var/cache/fontconfig/87f5e051180a7a75f16eb6fe7dbd3749-le64.cache-3
7f829031f000-7f8290328000 r-xs 00000000 09:02 15468213                   /var/cache/fontconfig/b79f3aaa7d385a141ab53ec885cc22a8-le64.cache-3
7f8290328000-7f829032b000 r-xs 00000000 09:02 15468776                   /var/cache/fontconfig/0b1bcc92b4d25cc154d77dafe3bceaa0-le64.cache-3
7f829032b000-7f829032d000 r-xs 00000000 09:02 15468753                   /var/cache/fontconfig/2e1514a9fdd499050989183bb65136db-le64.cache-3
7f829032d000-7f8290330000 r-xs 00000000 09:02 15468754                   /var/cache/fontconfig/5c755b2f27115486aa6359c84dd3cbda-le64.cache-3
7f8290330000-7f8290331000 r-xs 00000000 09:02 15468783                   /var/cache/fontconfig/b966c23d19cce9e9a98d55765cf2a0c7-le64.cache-3
7f8290331000-7f8290333000 r-xs 00000000 09:02 15468755                   /var/cache/fontconfig/3f821257dd33660ba7bbb45c32deb84c-le64.cache-3
7f8290333000-7f8290335000 r-xs 00000000 09:02 15468789                   /var/cache/fontconfig/830f035fa84a65ce80e050178dbb630d-le64.cache-3
7f8290335000-7f8290336000 r-xs 00000000 09:02 15468756                   /var/cache/fontconfig/81a173283b451552b599cfaafd6236bd-le64.cache-3
7f8290336000-7f8290337000 r-xs 00000000 09:02 15468782                   /var/cache/fontconfig/ac68f755438cc3dc5a526084839fc7ca-le64.cache-3
7f8290337000-7f8290338000 r-xs 00000000 09:02 15468786                   /var/cache/fontconfig/6cfc7d49b27ba7d3eb71ab86e04def2c-le64.cache-3
7f8290338000-7f8290339000 r-xs 00000000 09:02 15468791                   /var/cache/fontconfig/46d51d90fe9d963f6f4186edb936a931-le64.cache-3
7f8290339000-7f829033a000 r-xs 00000000 09:02 15467919                   /var/cache/fontconfig/b887eea8f1b96e1d899b44ed6681fc27-le64.cache-3
7f829033a000-7f829033b000 r-xs 00000000 09:02 15466775                   /var/cache/fontconfig/860639f272b8b4b3094f9e399e41bccd-le64.cache-3
7f829033b000-7f829033c000 r-xs 00000000 09:02 15467808                   /var/cache/fontconfig/211368abcb0ff835c229ff05c9ec01dc-le64.cache-3
7f829033c000-7f829033d000 r-xs 00000000 09:02 15466945                   /var/cache/fontconfig/c46020d7221988a13df853d2b46304fc-le64.cache-3
7f829033d000-7f829033e000 r-xs 00000000 09:02 15469327                   /var/cache/fontconfig/df893b4576ad6107f9397134092c4059-le64.cache-3
7f829033e000-7f829033f000 r-xs 00000000 09:02 15467089                   /var/cache/fontconfig/900402270e15d763a6e008bb2d4c7686-le64.cache-3
7f829033f000-7f8290340000 r-xs 00000000 09:02 15468777                   /var/cache/fontconfig/47f48679023f44a4d1e44699a69464f6-le64.cache-3
7f8290340000-7f8290341000 r-xs 00000000 09:02 15467819                   /var/cache/fontconfig/2881ed3fd21ca306ddad6f9b0dd3189f-le64.cache-3
7f8290341000-7f8290342000 r-xs 00000000 09:02 15467495                   /var/cache/fontconfig/3c3fb04d32a5211b073874b125d29701-le64.cache-3
7f8290342000-7f8290343000 r-xs 00000000 09:02 15468779                   /var/cache/fontconfig/e61abf8156cc476151baa07d67337cae-le64.cache-3
7f8290343000-7f8290347000 r-xs 00000000 09:02 15469329                   /var/cache/fontconfig/b67b32625a2bb51b023d3814a918f351-le64.cache-3
7f8290347000-7f8290348000 r-xs 00000000 09:02 15468282                   /var/cache/fontconfig/991510d2da7f7b2bf8468002aae90060-le64.cache-3
7f8290348000-7f829034a000 r-xs 00000000 09:02 15468757                   /var/cache/fontconfig/d3379abda271c4acd2ad0c01f565d0b0-le64.cache-3
7f829034a000-7f829034b000 r-xs 00000000 09:02 15468775                   /var/cache/fontconfig/b4d0b56f766d89640448751fcd18ec1e-le64.cache-3
7f829034b000-7f8290354000 r-xs 00000000 09:02 15468780                   /var/cache/fontconfig/12b26b760a24f8b4feb03ad48a333a72-le64.cache-3
7f8290354000-7f8290366000 r-xs 00000000 09:02 15468283                   /var/cache/fontconfig/74717c444f6fd72454fa9c9c0ee01ca7-le64.cache-3
7f8290366000-7f829036d000 r-xs 00000000 09:02 15469170                   /var/cache/fontconfig/928306c3ad40271d946e41014a49fc28-le64.cache-3
7f829036d000-7f829036e000 r-xs 00000000 09:02 15468773                   /var/cache/fontconfig/1248881498ac025e45c3042f6afe9284-le64.cache-3
7f829036e000-7f8290371000 r-xs 00000000 09:02 15468758                   /var/cache/fontconfig/beeeeb3dfe132a8a0633a017c99ce0c0-le64.cache-3
7f8290371000-7f8290378000 r-xp 00000000 09:02 16260397                   /opt/maple16/jre.X86_64_LINUX/lib/amd64/libnio.so
7f8290378000-7f8290477000 ---p 00007000 09:02 16260397                   /opt/maple16/jre.X86_64_LINUX/lib/amd64/libnio.so
7f8290477000-7f8290479000 rwxp 00006000 09:02 16260397                   /opt/maple16/jre.X86_64_LINUX/lib/amd64/libnio.so
7f8290479000-7f829047c000 ---p 00000000 00:00 0 
7f829047c000-7f829057a000 rwxp 00000000 00:00 0 
7f829057a000-7f829057e000 r-xs 00000000 09:02 15468222                   /var/cache/fontconfig/87f5e051180a7a75f16eb6fe7dbd3749-le64.cache-3
7f829057e000-7f8290587000 r-xs 00000000 09:02 15468213                   /var/cache/fontconfig/b79f3aaa7d385a141ab53ec885cc22a8-le64.cache-3
7f8290587000-7f829058a000 r-xs 00000000 09:02 15468776                   /var/cache/fontconfig/0b1bcc92b4d25cc154d77dafe3bceaa0-le64.cache-3
7f829058a000-7f829058c000 r-xs 00000000 09:02 15468753                   /var/cache/fontconfig/2e1514a9fdd499050989183bb65136db-le64.cache-3
7f829058c000-7f829058f000 r-xs 00000000 09:02 15468754                   /var/cache/fontconfig/5c755b2f27115486aa6359c84dd3cbda-le64.cache-3
7f829058f000-7f8290590000 r-xs 00000000 09:02 15468783                   /var/cache/fontconfig/b966c23d19cce9e9a98d55765cf2a0c7-le64.cache-3
7f8290590000-7f8290592000 r-xs 00000000 09:02 15468755                   /var/cache/fontconfig/3f821257dd33660ba7bbb45c32deb84c-le64.cache-3
7f8290592000-7f8290594000 r-xs 00000000 09:02 15468789                   /var/cache/fontconfig/830f035fa84a65ce80e050178dbb630d-le64.cache-3
7f8290594000-7f8290595000 r-xs 00000000 09:02 15468756                   /var/cache/fontconfig/81a173283b451552b599cfaafd6236bd-le64.cache-3
7f8290595000-7f8290596000 r-xs 00000000 09:02 15468782                   /var/cache/fontconfig/ac68f755438cc3dc5a526084839fc7ca-le64.cache-3
7f8290596000-7f8290597000 r-xs 00000000 09:02 15468786                   /var/cache/fontconfig/6cfc7d49b27ba7d3eb71ab86e04def2c-le64.cache-3
7f8290597000-7f8290598000 r-xs 00000000 09:02 15468791                   /var/cache/fontconfig/46d51d90fe9d963f6f4186edb936a931-le64.cache-3
7f82905a9000-7f82905ab000 rwxp 00000000 00:00 0 
7f82905ab000-7f82905ad000 rwxs 00000000 09:02 12452178                   /tmp/glfCZhiI (deleted)
7f82905b2000-7f82905b6000 rwxs 15215e000 00:05 14383                     /dev/nvidia0
7f829063c000-7f829063d000 rwxs ea060000 00:05 14383                      /dev/nvidia0
7f829063d000-7f829065c000 rwxs 1ead40000 00:05 14383                     /dev/nvidia0
7f829065c000-7f829065f000 ---p 00000000 00:00 0 
7f829065f000-7f829075d000 rwxp 00000000 00:00 0 
7f829075d000-7f8290760000 ---p 00000000 00:00 0 
7f8290760000-7f829085e000 rwxp 00000000 00:00 0 
7f829085e000-7f829088a000 r-xp 00000000 09:02 16260385                   /opt/maple16/jre.X86_64_LINUX/lib/amd64/libjpeg.so
7f829088a000-7f829098a000 ---p 0002c000 09:02 16260385                   /opt/maple16/jre.X86_64_LINUX/lib/amd64/libjpeg.so
7f829098a000-7f8290990000 rwxp 0002c000 09:02 16260385                   /opt/maple16/jre.X86_64_LINUX/lib/amd64/libjpeg.so
7f8290990000-7f8290993000 ---p 00000000 00:00 0 
7f8290993000-7f8290a91000 rwxp 00000000 00:00 0 
7f8290a91000-7f8290a94000 ---p 00000000 00:00 0 
7f8290a94000-7f8290b92000 rwxp 00000000 00:00 0 
7f8290b92000-7f8290c10000 r-xp 00000000 09:02 16260409                   /opt/maple16/jre.X86_64_LINUX/lib/amd64/libfontmanager.so
7f8290c10000-7f8290d0f000 ---p 0007e000 09:02 16260409                   /opt/maple16/jre.X86_64_LINUX/lib/amd64/libfontmanager.so
7f8290d0f000-7f8290d25000 rwxp 0007d000 09:02 16260409                   /opt/maple16/jre.X86_64_LINUX/lib/amd64/libfontmanager.so
7f8290d25000-7f8290d36000 rwxp 00000000 00:00 0 
7f8290d36000-7f8290d78000 r-xp 00000000 09:02 16260376                   /opt/maple16/jre.X86_64_LINUX/lib/amd64/xawt/libmawt.so
7f8290d78000-7f8290e77000 ---p 00042000 09:02 16260376                   /opt/maple16/jre.X86_64_LINUX/lib/amd64/xawt/libmawt.so
7f8290e77000-7f8290e82000 rwxp 00041000 09:02 16260376                   /opt/maple16/jre.X86_64_LINUX/lib/amd64/xawt/libmawt.so
7f8290e82000-7f8290e84000 rwxp 00000000 00:00 0 
7f8290e84000-7f8290f16000 r-xp 00000000 09:02 16260386                   /opt/maple16/jre.X86_64_LINUX/lib/amd64/libawt.so
7f8290f16000-7f8291015000 ---p 00092000 09:02 16260386                   /opt/maple16/jre.X86_64_LINUX/lib/amd64/libawt.so
7f8291015000-7f829102e000 rwxp 00091000 09:02 16260386                   /opt/maple16/jre.X86_64_LINUX/lib/amd64/libawt.so
7f829102e000-7f8291053000 rwxp 00000000 00:00 0 
7f8291053000-7f8291056000 ---p 00000000 00:00 0 
7f8291056000-7f8291154000 rwxp 00000000 00:00 0 
7f8291154000-7f8291157000 ---p 00000000 00:00 0 
7f8291157000-7f8291286000 rwxp 00000000 00:00 0 
7f8291286000-7f8291299000 r-xp 00000000 09:02 16260394                   /opt/maple16/jre.X86_64_LINUX/lib/amd64/libnet.so
7f8291299000-7f829139a000 ---p 00013000 09:02 16260394                   /opt/maple16/jre.X86_64_LINUX/lib/amd64/libnet.so
7f829139a000-7f829139d000 rwxp 00014000 09:02 16260394                   /opt/maple16/jre.X86_64_LINUX/lib/amd64/libnet.so
7f829139d000-7f82913a4000 r-xs 00091000 09:02 16260461                   /opt/maple16/jre.X86_64_LINUX/lib/jsse.jar
7f82913a4000-7f82913e1000 r-xs 0024f000 09:02 16266530                   /opt/maple16/java/xmlbeans-2.3.0.jar
7f82913e1000-7f82913e2000 r-xs 00004000 09:02 16266534                   /opt/maple16/java/WMFWriter.jar
7f82913e2000-7f82913f4000 r-xs 002a9000 09:02 16266541                   /opt/maple16/java/wksloader.jar
7f82913f4000-7f82913f8000 r-xs 0004f000 09:02 16266551                   /opt/maple16/java/update.jar
7f82913f8000-7f82913f9000 r-xs 0001c000 09:02 16266549                   /opt/maple16/java/swing-layout-1.0.3.jar
7f82913f9000-7f8291400000 r-xs 00073000 09:02 16266527                   /opt/maple16/java/poi-ooxml-3.7-20101029.jar
7f8291400000-7f829141d000 r-xs 0017c000 09:02 16266528                   /opt/maple16/java/poi-3.7-20101029.jar
7f829141d000-7f829142f000 r-xs 00080000 09:02 16266524                   /opt/maple16/java/pen.jar
7f829142f000-7f8291460000 rwxp 00000000 00:00 0 
7f8291460000-7f8291670000 r-xs 00b4b000 09:02 16266529                   /opt/maple16/java/ooxml-schemas-1.0.jar
7f8291670000-7f8291672000 r-xs 0000a000 09:02 16266535                   /opt/maple16/java/mathxmltools.jar
7f8291672000-7f8291674000 r-xs 00005000 09:02 16266536                   /opt/maple16/java/mathworksheet.jar
7f8291674000-7f82916c7000 r-xs 00317000 09:02 16266522                   /opt/maple16/java/mathdoc.jar
7f82916c7000-7f829172c000 r-xs 00388000 09:02 16266521                   /opt/maple16/java/maplewks.jar
7f829172c000-7f8291739000 r-xs 0006e000 09:02 16266543                   /opt/maple16/java/maplets.jar
7f8291739000-7f8291742000 r-xs 00052000 09:02 16266537                   /opt/maple16/java/mapletbuilder.jar
7f8291742000-7f829174a000 r-xs 0001d000 09:02 16266516                   /opt/maple16/java/mapleresource_zh_TW.jar
7f829174a000-7f8291751000 r-xs 0001d000 09:02 16266515                   /opt/maple16/java/mapleresource_zh_CN.jar
7f8291751000-7f8291759000 r-xs 0001c000 09:02 16266519                   /opt/maple16/java/mapleresource_pt_BR.jar
7f8291759000-7f8291760000 r-xs 0001d000 09:02 16266512                   /opt/maple16/java/mapleresource_ko.jar
7f8291760000-7f82917d4000 r-xs 00edc000 09:02 16266509                   /opt/maple16/java/mapleresource.jar
7f82917d4000-7f82917dc000 r-xs 0004a000 09:02 16266511                   /opt/maple16/java/mapleresource_ja.jar
7f82917dc000-7f82917e3000 r-xs 0001e000 09:02 16266513                   /opt/maple16/java/mapleresource_hu.jar
7f82917e3000-7f82917eb000 r-xs 0001c000 09:02 16266518                   /opt/maple16/java/mapleresource_fr.jar
7f82917eb000-7f82917f2000 r-xs 0001c000 09:02 16266517                   /opt/maple16/java/mapleresource_es.jar
7f82917f2000-7f82917f9000 r-xs 00019000 09:02 16266510                   /opt/maple16/java/mapleresource_en.jar
7f82917f9000-7f8291800000 r-xs 00023000 09:02 16266514                   /opt/maple16/java/mapleresource_el.jar
7f8291800000-7f8291823000 r-xs 00278000 09:02 16266520                   /opt/maple16/java/mapleclient.jar
7f8291823000-7f8291825000 r-xs 0001b000 09:02 16266552                   /opt/maple16/java/MapleActivation.jar
7f8291825000-7f829182b000 r-xs 00045000 09:02 16266523                   /opt/maple16/java/mail.jar
7f829182b000-7f8291830000 r-xs 00032000 09:02 16266550                   /opt/maple16/java/log4j-1.2.3.jar
7f8291830000-7f8291832000 r-xs 0000b000 09:02 16266526                   /opt/maple16/java/jsr173_1.0_api.jar
7f8291832000-7f8291834000 r-xs 00002000 09:02 16266533                   /opt/maple16/java/jopenmaple.jar
7f8291834000-7f8291840000 r-xs 00108000 09:02 16266545                   /opt/maple16/java/jogl.jar
7f8291840000-7f8291853000 r-xs 0016e000 09:02 16266531                   /opt/maple16/java/jai_core.jar
7f8291853000-7f8291857000 r-xs 00031000 09:02 16266532                   /opt/maple16/java/jai_codec.jar
7f8291857000-7f8291859000 r-xs 00050000 09:02 16266548                   /opt/maple16/java/iTextAsian.jar
7f8291859000-7f8291864000 r-xs 000f9000 09:02 16266547                   /opt/maple16/java/iText-2.1.2u.jar
7f8291864000-7f8291865000 r-xs 00004000 09:02 16266546                   /opt/maple16/java/gluegen-rt.jar
7f8291865000-7f8291867000 r-xs 0000a000 09:02 16266506                   /opt/maple16/java/freehep-graphicsio-ps.jar
7f8291867000-7f829186a000 r-xs 00010000 09:02 16266507                   /opt/maple16/java/freehep-graphicsio-pdf.jar
7f829186a000-7f829186e000 r-xs 0002a000 09:02 16266508                   /opt/maple16/java/freehep-graphicsio.jar
7f829186e000-7f8291870000 r-xs 0001d000 09:02 16266505                   /opt/maple16/java/freehep-graphics2d.jar
7f8291870000-7f829187e000 r-xs 00096000 09:02 16266504                   /opt/maple16/java/freehep-base.jar
7f829187e000-7f8291880000 r-xs 00000000 09:02 16266503                   /opt/maple16/java/externalcall.jar
7f8291880000-7f8291885000 r-xs 00048000 09:02 16266525                   /opt/maple16/java/dom4j-1.6.1.jar
7f8291885000-7f8291886000 r-xs 00005000 09:02 16266544                   /opt/maple16/java/dbtoolbox.jar
7f8291886000-7f8291888000 r-xs 0000c000 09:02 16266542                   /opt/maple16/java/activation.jar
7f8291888000-7f8291896000 r-xs 000e0000 09:02 16266540                   /opt/maple16/java/xalan.jar
7f8291896000-7f829189c000 r-xs 00019000 09:02 16266539                   /opt/maple16/java/xmlParserAPIs.jar
7f829189c000-7f82918ae000 r-xs 000c7000 09:02 16266538                   /opt/maple16/java/xercesImpl.jar
7f82918ae000-7f82918af000 ---p 00000000 00:00 0 
7f82918af000-7f82919af000 rwxp 00000000 00:00 0 
7f82919af000-7f82919b2000 ---p 00000000 00:00 0 
7f82919b2000-7f8291ab0000 rwxp 00000000 00:00 0 
7f8291ab0000-7f8291ab3000 ---p 00000000 00:00 0 
7f8291ab3000-7f8291bb1000 rwxp 00000000 00:00 0 
7f8291bb1000-7f8291bb4000 ---p 00000000 00:00 0 
7f8291bb4000-7f8291cb2000 rwxp 00000000 00:00 0 
7f8291cb2000-7f8291cb5000 ---p 00000000 00:00 0 
7f8291cb5000-7f8291db3000 rwxp 00000000 00:00 0 
7f8291db3000-7f8291db6000 ---p 00000000 00:00 0 
7f8291db6000-7f8291eb4000 rwxp 00000000 00:00 0 
7f8291eb4000-7f8291eb7000 ---p 00000000 00:00 0 
7f8291eb7000-7f8291fb5000 rwxp 00000000 00:00 0 
7f8291fb5000-7f8291fb6000 ---p 00000000 00:00 0 
7f8291fb6000-7f82925bb000 rwxp 00000000 00:00 0 
7f82925bb000-7f8292751000 r-xs 02fc6000 09:02 16260465                   /opt/maple16/jre.X86_64_LINUX/lib/rt.jar
7f8292751000-7f8292752000 ---p 00000000 00:00 0 
7f8292752000-7f8292852000 rwxp 00000000 00:00 0 
7f8292852000-7f8292853000 ---p 00000000 00:00 0 
7f8292853000-7f8292953000 rwxp 00000000 00:00 0 
7f8292953000-7f8292954000 ---p 00000000 00:00 0 
7f8292954000-7f8292a54000 rwxp 00000000 00:00 0 
7f8292a54000-7f8292a55000 ---p 00000000 00:00 0 
7f8292a55000-7f8292b8b000 rwxp 00000000 00:00 0 
7f8292b8b000-7f8292c00000 rwxp 00000000 00:00 0 
7f8292c00000-7f8297810000 rwxp 00000000 00:00 0 
7f8297810000-7f8298000000 rwxp 00000000 00:00 0 
7f8298000000-7f829ea40000 rwxp 00000000 00:00 0 
7f829ea40000-7f82ad560000 rwxp 00000000 00:00 0 
7f82ad560000-7f82adec0000 rwxp 00000000 00:00 0 
7f82adec0000-7f82b28c0000 ---p 00000000 00:00 0 
7f82b28c0000-7f82b83b2000 rwxp 00000000 00:00 0 
7f82b83b2000-7f82bc000000 ---p 00000000 00:00 0 
7f82bc000000-7f82bc001000 r-xs 00000000 09:02 15467919                   /var/cache/fontconfig/b887eea8f1b96e1d899b44ed6681fc27-le64.cache-3
7f82bc001000-7f82bc002000 r-xs 00000000 09:02 15466775                   /var/cache/fontconfig/860639f272b8b4b3094f9e399e41bccd-le64.cache-3
7f82bc002000-7f82bc003000 r-xs 00000000 09:02 15467808                   /var/cache/fontconfig/211368abcb0ff835c229ff05c9ec01dc-le64.cache-3
7f82bc003000-7f82bc004000 r-xs 00000000 09:02 15466945                   /var/cache/fontconfig/c46020d7221988a13df853d2b46304fc-le64.cache-3
7f82bc004000-7f82bc086000 rwxp 00000000 00:00 0 
7f82bc086000-7f82bc089000 rwxp 00000000 00:00 0 
7f82bc089000-7f82bc0b0000 rwxp 00000000 00:00 0 
7f82bc0b0000-7f82bc0b3000 rwxp 00000000 00:00 0 
7f82bc0b3000-7f82bc0e9000 rwxp 00000000 00:00 0 
7f82bc0e9000-7f82bc15d000 rwxp 00000000 00:00 0 
7f82bc15d000-7f82bc163000 rwxp 00000000 00:00 0 
7f82bc163000-7f82bc188000 ---p 00000000 00:00 0 
7f82bc188000-7f82bc1b3000 rwxp 00000000 00:00 0 
7f82bc1b3000-7f82bc1d0000 rwxp 00000000 00:00 0 
7f82bc1d0000-7f82bc274000 rwxp 00000000 00:00 0 
7f82bc274000-7f82bc954000 rwxp 00000000 00:00 0 
7f82bc954000-7f82bf274000 rwxp 00000000 00:00 0 
7f82bf274000-7f82bf282000 r-xp 00000000 09:02 16260373                   /opt/maple16/jre.X86_64_LINUX/lib/amd64/libzip.so
7f82bf282000-7f82bf384000 ---p 0000e000 09:02 16260373                   /opt/maple16/jre.X86_64_LINUX/lib/amd64/libzip.so
7f82bf384000-7f82bf387000 rwxp 00010000 09:02 16260373                   /opt/maple16/jre.X86_64_LINUX/lib/amd64/libzip.so
7f82bf387000-7f82bf388000 rwxp 00000000 00:00 0 
7f82bf388000-7f82bf394000 r-xp 00000000 09:02 30802010                   /lib64/libnss_files-2.12.so
7f82bf394000-7f82bf594000 ---p 0000c000 09:02 30802010                   /lib64/libnss_files-2.12.so
7f82bf594000-7f82bf595000 r-xp 0000c000 09:02 30802010                   /lib64/libnss_files-2.12.so
7f82bf595000-7f82bf596000 rwxp 0000d000 09:02 30802010                   /lib64/libnss_files-2.12.so
7f82bf596000-7f82bf597000 r-xs 00000000 09:02 15469327                   /var/cache/fontconfig/df893b4576ad6107f9397134092c4059-le64.cache-3
7f82bf597000-7f82bf598000 r-xs 00000000 09:02 15467089                   /var/cache/fontconfig/900402270e15d763a6e008bb2d4c7686-le64.cache-3
7f82bf598000-7f82bf599000 r-xs 00000000 09:02 15468777                   /var/cache/fontconfig/47f48679023f44a4d1e44699a69464f6-le64.cache-3
7f82bf599000-7f82bf59a000 r-xs 00000000 09:02 15467819                   /var/cache/fontconfig/2881ed3fd21ca306ddad6f9b0dd3189f-le64.cache-3
7f82bf59a000-7f82bf59b000 r-xs 00000000 09:02 15467495                   /var/cache/fontconfig/3c3fb04d32a5211b073874b125d29701-le64.cache-3
7f82bf59b000-7f82bf59c000 r-xs 00000000 09:02 15468779                   /var/cache/fontconfig/e61abf8156cc476151baa07d67337cae-le64.cache-3
7f82bf59c000-7f82bf5a0000 r-xs 00000000 09:02 15469329                   /var/cache/fontconfig/b67b32625a2bb51b023d3814a918f351-le64.cache-3
7f82bf5a0000-7f82bf5a1000 r-xs 00000000 09:02 15468282                   /var/cache/fontconfig/991510d2da7f7b2bf8468002aae90060-le64.cache-3
7f82bf5a1000-7f82bf5a3000 r-xs 00000000 09:02 15468757                   /var/cache/fontconfig/d3379abda271c4acd2ad0c01f565d0b0-le64.cache-3
7f82bf5a3000-7f82bf5b5000 r-xs 00000000 09:02 15468283                   /var/cache/fontconfig/74717c444f6fd72454fa9c9c0ee01ca7-le64.cache-3
7f82bf5b5000-7f82bf5bc000 r-xp 00000000 09:02 16260389                   /opt/maple16/jre.X86_64_LINUX/lib/amd64/native_threads/libhpi.so
7f82bf5bc000-7f82bf6bd000 ---p 00007000 09:02 16260389                   /opt/maple16/jre.X86_64_LINUX/lib/amd64/native_threads/libhpi.so
7f82bf6bd000-7f82bf6bf000 rwxp 00008000 09:02 16260389                   /opt/maple16/jre.X86_64_LINUX/lib/amd64/native_threads/libhpi.so
7f82bf6bf000-7f82bf6c0000 rwxp 00000000 00:00 0 
7f82bf6c0000-7f82bf6e9000 r-xp 00000000 09:02 16260404                   /opt/maple16/jre.X86_64_LINUX/lib/amd64/libjava.so
7f82bf6e9000-7f82bf7e8000 ---p 00029000 09:02 16260404                   /opt/maple16/jre.X86_64_LINUX/lib/amd64/libjava.so
7f82bf7e8000-7f82bf7ef000 rwxp 00028000 09:02 16260404                   /opt/maple16/jre.X86_64_LINUX/lib/amd64/libjava.so
7f82bf7ef000-7f82bf7fc000 r-xp 00000000 09:02 16260364                   /opt/maple16/jre.X86_64_LINUX/lib/amd64/libverify.so
7f82bf7fc000-7f82bf8fb000 ---p 0000d000 09:02 16260364                   /opt/maple16/jre.X86_64_LINUX/lib/amd64/libverify.so
7f82bf8fb000-7f82bf8fe000 rwxp 0000c000 09:02 16260364                   /opt/maple16/jre.X86_64_LINUX/lib/amd64/libverify.so
7f82bf8fe000-7f82bf901000 ---p 00000000 00:00 0 
7f82bf901000-7f82bf9ff000 rwxp 00000000 00:00 0 
7f82bf9ff000-7f82c01b3000 r-xp 00000000 09:02 16260416                   /opt/maple16/jre.X86_64_LINUX/lib/amd64/server/libjvm.so
7f82c01b3000-7f82c02b3000 ---p 007b4000 09:02 16260416                   /opt/maple16/jre.X86_64_LINUX/lib/amd64/server/libjvm.so
7f82c02b3000-7f82c043d000 rwxp 007b4000 09:02 16260416                   /opt/maple16/jre.X86_64_LINUX/lib/amd64/server/libjvm.so
7f82c043d000-7f82c0479000 rwxp 00000000 00:00 0 
7f82c0479000-7f82c0480000 r-xp 00000000 09:02 16260379                   /opt/maple16/jre.X86_64_LINUX/lib/amd64/jli/libjli.so
7f82c0480000-7f82c0581000 ---p 00007000 09:02 16260379                   /opt/maple16/jre.X86_64_LINUX/lib/amd64/jli/libjli.so
7f82c0581000-7f82c0583000 rwxp 00008000 09:02 16260379                   /opt/maple16/jre.X86_64_LINUX/lib/amd64/jli/libjli.so
7f82c0583000-7f82c0584000 rwxp 00000000 00:00 0 
7f82c0584000-7f82c0585000 r-xs 00000000 09:02 15468775                   /var/cache/fontconfig/b4d0b56f766d89640448751fcd18ec1e-le64.cache-3
7f82c0585000-7f82c058e000 r-xs 00000000 09:02 15468780                   /var/cache/fontconfig/12b26b760a24f8b4feb03ad48a333a72-le64.cache-3
7f82c058e000-7f82c0595000 r-xs 00000000 09:02 15469170                   /var/cache/fontconfig/928306c3ad40271d946e41014a49fc28-le64.cache-3
7f82c0595000-7f82c0596000 r-xs 00000000 09:02 15468773                   /var/cache/fontconfig/1248881498ac025e45c3042f6afe9284-le64.cache-3
7f82c0596000-7f82c0599000 r-xs 00000000 09:02 15468758                   /var/cache/fontconfig/beeeeb3dfe132a8a0633a017c99ce0c0-le64.cache-3
7f82c0599000-7f82c05a1000 rwxs 00000000 09:02 12452078                   /tmp/hsperfdata_bing/18451
7f82c05a1000-7f82c05a2000 rwxp 00000000 00:00 0 
7f82c05a2000-7f82c05a3000 ---p 00000000 00:00 0 
7f82c05a3000-7f82c05a4000 rwxp 00000000 00:00 0 
7fff99b3e000-7fff99b54000 rwxp 00000000 00:00 0                          [stack]
7fff99bff000-7fff99c00000 r-xp 00000000 00:00 0                          [vdso]
ffffffffff600000-ffffffffff601000 r-xp 00000000 00:00 0                  [vsyscall]

VM Arguments:
jvm_args: -Xmx512m -Dsun.java2d.pmoffscreen=false -Dmaple.bin.path=/opt/maple16/bin.X86_64_LINUX 
java_command: com.maplesoft.application.Launcher -command Start Maple -args -locale en
Launcher Type: SUN_STANDARD

Environment Variables:
PATH=/opt/maple16/bin.X86_64_LINUX:/opt/maple16/jre.X86_64_LINUX/bin/:/share/apps/grace/5.1.22/grace/bin:/opt/mopac:/share/apps/Avogadro/bin:/usr/lib64/qt-3.3/bin:/share/apps/grace/5.1.22/grace/bin:/opt/mopac:/share/apps/Avogadro/bin:/usr/local/bin:/usr/bin:/bin:/usr/local/sbin:/usr/sbin:/sbin:/home/bing/bin
USERNAME=bing
LD_LIBRARY_PATH=/opt/maple16/jre.X86_64_LINUX/lib/amd64/server:/opt/maple16/jre.X86_64_LINUX/lib/amd64:/opt/maple16/jre.X86_64_LINUX/../lib/amd64:/opt/maple16/bin.X86_64_LINUX::/opt/maple16/jre.X86_64_LINUX/lib/amd64:/opt/maple16/jre.X86_64_LINUX/lib/amd64/server:/opt/maple16/jre.X86_64_LINUX/lib/amd64/native_threads:
SHELL=/bin/bash
DISPLAY=:0

Signal Handlers:
SIGSEGV: [libjvm.so+0x70f1a0], sa_mask[0]=0x7ffbfeff, sa_flags=0x10000004
SIGBUS: [libjvm.so+0x70f1a0], sa_mask[0]=0x7ffbfeff, sa_flags=0x10000004
SIGFPE: [libjvm.so+0x5d7f70], sa_mask[0]=0x7ffbfeff, sa_flags=0x10000004
SIGPIPE: [libjvm.so+0x5d7f70], sa_mask[0]=0x7ffbfeff, sa_flags=0x10000004
SIGXFSZ: [libjvm.so+0x5d7f70], sa_mask[0]=0x7ffbfeff, sa_flags=0x10000004
SIGILL: [libjvm.so+0x5d7f70], sa_mask[0]=0x7ffbfeff, sa_flags=0x10000004
SIGUSR1: SIG_DFL, sa_mask[0]=0x00000000, sa_flags=0x00000000
SIGUSR2: [libjvm.so+0x5da790], sa_mask[0]=0x00000000, sa_flags=0x10000004
SIGHUP: [libjvm.so+0x5da4e0], sa_mask[0]=0x7ffbfeff, sa_flags=0x10000004
SIGINT: [libjvm.so+0x5da4e0], sa_mask[0]=0x7ffbfeff, sa_flags=0x10000004
SIGTERM: [libjvm.so+0x5da4e0], sa_mask[0]=0x7ffbfeff, sa_flags=0x10000004
SIGQUIT: [libjvm.so+0x5da4e0], sa_mask[0]=0x7ffbfeff, sa_flags=0x10000004


---------------  S Y S T E M  ---------------

OS:Red Hat Enterprise Linux Server release 6.4 (Santiago)

uname:Linux 2.6.32-358.6.2.el6.x86_64 #1 SMP Tue May 14 15:48:21 EDT 2013 x86_64
libc:glibc 2.12 NPTL 2.12 
rlimit: STACK 10240k, CORE 0k, NPROC 1024, NOFILE 4096, AS infinity
load average:0.02 0.06 0.04

CPU:total 4 (8 cores per cpu, 2 threads per core) family 6 model 26 stepping 5, cmov, cx8, fxsr, mmx, sse, sse2, sse3, ssse3, sse4.1, sse4.2, popcnt, ht

Memory: 4k page, physical 8041352k(1286384k free), swap 16382900k(16293336k free)

vm_info: Java HotSpot(TM) 64-Bit Server VM (16.0-b13) for linux-amd64 JRE (1.6.0_18-b07), built on Dec 17 2009 13:42:22 by "java_re" with gcc 3.2.2 (SuSE Linux)

time: Fri Nov 15 15:12:23 2013
elapsed time: 1826662 seconds

